<?xml version="1.0" encoding="utf-8"?><testsuites name="pytest tests"><testsuite name="pytest" errors="0" failures="0" skipped="0" tests="15" time="2.573" timestamp="2026-04-29T07:15:20.709210+00:00" hostname="agent-env-8dc6d4e8-f44a-43f5-9841-ced55c9878df"><testcase classname="backend.tests.test_localvibe_api.TestAuth" name="test_login_demo_returns_token_and_user" time="0.502" /><testcase classname="backend.tests.test_localvibe_api.TestAuth" name="test_login_invalid_password" time="0.274" /><testcase classname="backend.tests.test_localvibe_api.TestAuth" name="test_me_with_token" time="0.361" /><testcase classname="backend.tests.test_localvibe_api.TestProviderListing" name="test_list_returns_15_with_cities_array" time="0.061" /><testcase classname="backend.tests.test_localvibe_api.TestProviderListing" name="test_filter_city_goa" time="0.048" /><testcase classname="backend.tests.test_localvibe_api.TestProviderListing" name="test_filter_city_gurgaon" time="0.048" /><testcase classname="backend.tests.test_localvibe_api.TestProviderListing" name="test_filter_city_tokyo_empty" time="0.089" /><testcase classname="backend.tests.test_localvibe_api.TestProviderListing" name="test_filter_city_case_insensitive" time="0.045" /><testcase classname="backend.tests.test_localvibe_api.TestProviderListing" name="test_featured_filtered_by_goa" time="0.048" /><testcase classname="backend.tests.test_localvibe_api.TestMeta" name="test_cities" time="0.048" /><testcase classname="backend.tests.test_localvibe_api.TestMeta" name="test_categories" time="0.071" /><testcase classname="backend.tests.test_localvibe_api.TestProviderCreation" name="test_create_provider_with_multi_cities" time="0.371" /><testcase classname="backend.tests.test_localvibe_api.TestProviderCreation" name="test_create_provider_rejects_empty_cities" time="0.317" /><testcase classname="backend.tests.test_localvibe_api.TestProviderCreation" name="test_create_provider_requires_auth" time="0.064" /><testcase classname="backend.tests.test_localvibe_api.TestProviderCreation" name="test_seeker_cannot_create_provider" time="0.047" /></testsuite></testsuites>